# JRE version: OpenJDK Runtime Environment (17.0.10) (build 17.0.10+0--11572160)
# Java VM: OpenJDK 64-Bit Server VM (17.0.10+0--11572160, mixed mode, tiered, compressed oops, compressed class ptrs, g1 gc, windows-amd64)
GC Precious Log:
 CPUs: 16 total, 16 available
 Memory: 16078M
 Large Page Support: Disabled
 NUMA Support: Disabled
 Compressed Oops: Enabled (32-bit)
 Heap Region Size: 1M
 Heap Min Capacity: 8M
 Heap Initial Capacity: 252M
 Heap Max Capacity: 2G
 Pre-touch: Disabled
 Parallel Workers: 13
 Concurrent Workers: 3
 Concurrent Refinement Workers: 13
 Periodic GC: Disabled
Heap:
 garbage-first heap   total 258048K, used 201600K [0x0000000080000000, 0x0000000100000000)
  region size 1024K, 2 young (2048K), 2 survivors (2048K)
 Metaspace       used 132452K, committed 133568K, reserved 1179648K
  class space    used 17440K, committed 17984K, reserved 1048576K
GC Heap History (20 events):
Event: 27.298 GC heap after
{Heap after GC invocations=59 (full 0):
 garbage-first heap   total 227328K, used 171419K [0x0000000080000000, 0x0000000100000000)
  region size 1024K, 3 young (3072K), 3 survivors (3072K)
 Metaspace       used 126545K, committed 127488K, reserved 1179648K
  class space    used 16654K, committed 17088K, reserved 1048576K
}
Event: 27.567 GC heap before
{Heap before GC invocations=59 (full 0):
 garbage-first heap   total 227328K, used 195995K [0x0000000080000000, 0x0000000100000000)
  region size 1024K, 27 young (27648K), 3 survivors (3072K)
 Metaspace       used 127314K, committed 128320K, reserved 1179648K
  class space    used 16754K, committed 17216K, reserved 1048576K
}
Event: 27.571 GC heap after
{Heap after GC invocations=60 (full 0):
 garbage-first heap   total 227328K, used 173968K [0x0000000080000000, 0x0000000100000000)
  region size 1024K, 3 young (3072K), 3 survivors (3072K)
 Metaspace       used 127314K, committed 128320K, reserved 1179648K
  class space    used 16754K, committed 17216K, reserved 1048576K
}
Event: 27.833 GC heap before
{Heap before GC invocations=60 (full 0):
 garbage-first heap   total 227328K, used 196496K [0x0000000080000000, 0x0000000100000000)
  region size 1024K, 25 young (25600K), 3 survivors (3072K)
 Metaspace       used 128445K, committed 129472K, reserved 1179648K
  class space    used 16920K, committed 17408K, reserved 1048576K
}
Event: 27.835 GC heap after
{Heap after GC invocations=61 (full 0):
 garbage-first heap   total 227328K, used 175883K [0x0000000080000000, 0x0000000100000000)
  region size 1024K, 2 young (2048K), 2 survivors (2048K)
 Metaspace       used 128445K, committed 129472K, reserved 1179648K
  class space    used 16920K, committed 17408K, reserved 1048576K
}
Event: 28.016 GC heap before
{Heap before GC invocations=61 (full 0):
 garbage-first heap   total 227328K, used 197387K [0x0000000080000000, 0x0000000100000000)
  region size 1024K, 23 young (23552K), 2 survivors (2048K)
 Metaspace       used 129599K, committed 130688K, reserved 1179648K
  class space    used 17085K, committed 17600K, reserved 1048576K
}
Event: 28.019 GC heap after
{Heap after GC invocations=62 (full 0):
 garbage-first heap   total 227328K, used 177698K [0x0000000080000000, 0x0000000100000000)
  region size 1024K, 2 young (2048K), 2 survivors (2048K)
 Metaspace       used 129599K, committed 130688K, reserved 1179648K
  class space    used 17085K, committed 17600K, reserved 1048576K
}
Event: 28.141 GC heap before
{Heap before GC invocations=62 (full 0):
 garbage-first heap   total 227328K, used 196130K [0x0000000080000000, 0x0000000100000000)
  region size 1024K, 21 young (21504K), 2 survivors (2048K)
 Metaspace       used 130234K, committed 131264K, reserved 1179648K
  class space    used 17213K, committed 17728K, reserved 1048576K
}
Event: 28.146 GC heap after
{Heap after GC invocations=63 (full 0):
 garbage-first heap   total 227328K, used 180458K [0x0000000080000000, 0x0000000100000000)
  region size 1024K, 3 young (3072K), 3 survivors (3072K)
 Metaspace       used 130234K, committed 131264K, reserved 1179648K
  class space    used 17213K, committed 17728K, reserved 1048576K
}
Event: 28.269 GC heap before
{Heap before GC invocations=63 (full 0):
 garbage-first heap   total 227328K, used 195818K [0x0000000080000000, 0x0000000100000000)
  region size 1024K, 19 young (19456K), 3 survivors (3072K)
 Metaspace       used 130659K, committed 131840K, reserved 1179648K
  class space    used 17275K, committed 17856K, reserved 1048576K
}
Event: 28.272 GC heap after
{Heap after GC invocations=64 (full 0):
 garbage-first heap   total 227328K, used 182134K [0x0000000080000000, 0x0000000100000000)
  region size 1024K, 3 young (3072K), 3 survivors (3072K)
 Metaspace       used 130659K, committed 131840K, reserved 1179648K
  class space    used 17275K, committed 17856K, reserved 1048576K
}
Event: 28.510 GC heap before
{Heap before GC invocations=64 (full 0):
 garbage-first heap   total 227328K, used 196470K [0x0000000080000000, 0x0000000100000000)
  region size 1024K, 18 young (18432K), 3 survivors (3072K)
 Metaspace       used 132194K, committed 133312K, reserved 1179648K
  class space    used 17420K, committed 17920K, reserved 1048576K
}
Event: 28.513 GC heap after
{Heap after GC invocations=65 (full 0):
 garbage-first heap   total 227328K, used 183535K [0x0000000080000000, 0x0000000100000000)
  region size 1024K, 2 young (2048K), 2 survivors (2048K)
 Metaspace       used 132194K, committed 133312K, reserved 1179648K
  class space    used 17420K, committed 17920K, reserved 1048576K
}
Event: 28.684 GC heap before
{Heap before GC invocations=65 (full 0):
 garbage-first heap   total 227328K, used 196847K [0x0000000080000000, 0x0000000100000000)
  region size 1024K, 16 young (16384K), 2 survivors (2048K)
 Metaspace       used 132393K, committed 133504K, reserved 1179648K
  class space    used 17440K, committed 17984K, reserved 1048576K
}
Event: 28.687 GC heap after
{Heap after GC invocations=66 (full 0):
 garbage-first heap   total 227328K, used 187936K [0x0000000080000000, 0x0000000100000000)
  region size 1024K, 2 young (2048K), 2 survivors (2048K)
 Metaspace       used 132393K, committed 133504K, reserved 1179648K
  class space    used 17440K, committed 17984K, reserved 1048576K
}
Event: 28.769 GC heap before
{Heap before GC invocations=66 (full 0):
 garbage-first heap   total 227328K, used 197152K [0x0000000080000000, 0x0000000100000000)
  region size 1024K, 11 young (11264K), 2 survivors (2048K)
 Metaspace       used 132444K, committed 133568K, reserved 1179648K
  class space    used 17440K, committed 17984K, reserved 1048576K
}
Event: 28.772 GC heap after
{Heap after GC invocations=67 (full 0):
 garbage-first heap   total 227328K, used 190892K [0x0000000080000000, 0x0000000100000000)
  region size 1024K, 2 young (2048K), 2 survivors (2048K)
 Metaspace       used 132444K, committed 133568K, reserved 1179648K
  class space    used 17440K, committed 17984K, reserved 1048576K
}
Event: 28.783 GC heap before
{Heap before GC invocations=67 (full 0):
 garbage-first heap   total 227328K, used 196012K [0x0000000080000000, 0x0000000100000000)
  region size 1024K, 4 young (4096K), 2 survivors (2048K)
 Metaspace       used 132446K, committed 133568K, reserved 1179648K
  class space    used 17440K, committed 17984K, reserved 1048576K
}
Event: 28.786 GC heap after
{Heap after GC invocations=68 (full 0):
 garbage-first heap   total 227328K, used 193609K [0x0000000080000000, 0x0000000100000000)
  region size 1024K, 1 young (1024K), 1 survivors (1024K)
 Metaspace       used 132446K, committed 133568K, reserved 1179648K
  class space    used 17440K, committed 17984K, reserved 1048576K
}
Event: 28.838 GC heap before
{Heap before GC invocations=68 (full 0):
 garbage-first heap   total 227328K, used 207945K [0x0000000080000000, 0x0000000100000000)
  region size 1024K, 11 young (11264K), 1 survivors (1024K)
 Metaspace       used 132452K, committed 133568K, reserved 1179648K
  class space    used 17440K, committed 17984K, reserved 1048576K
}

